<?xml version="1.0" encoding="UTF-8"?>
<testng-results ignored="0" total="1" passed="1" failed="0" skipped="0">
  <reporter-output>
  </reporter-output>
  <suite started-at="2024-07-04T18:15:25 MESZ" name="Test" finished-at="2024-07-04T18:15:47 MESZ" duration-ms="22107">
    <groups>
    </groups>
    <test started-at="2024-07-04T18:15:25 MESZ" name="Test2" finished-at="2024-07-04T18:15:47 MESZ" duration-ms="22107">
      <class name="com.demoqa.tests.LoginTests">
        <test-method is-config="true" signature="init(java.lang.reflect.Method)[pri:0, instance:com.demoqa.tests.LoginTests@5276e6b0]" started-at="2024-07-04T18:15:25 MESZ" name="init" finished-at="2024-07-04T18:15:40 MESZ" duration-ms="15171" status="PASS">
          <params>
            <param index="0">
              <value>
                <![CDATA[public void com.demoqa.tests.LoginTests.loginPositiveTest()]]>
              </value>
            </param>
          </params>
          <reporter-output>
          </reporter-output>
        </test-method> <!-- init -->
        <test-method is-config="true" signature="precondition()[pri:0, instance:com.demoqa.tests.LoginTests@5276e6b0]" started-at="2024-07-04T18:15:40 MESZ" name="precondition" finished-at="2024-07-04T18:15:43 MESZ" duration-ms="2124" status="PASS">
          <reporter-output>
          </reporter-output>
        </test-method> <!-- precondition -->
        <test-method signature="loginPositiveTest()[pri:0, instance:com.demoqa.tests.LoginTests@5276e6b0]" started-at="2024-07-04T18:15:43 MESZ" name="loginPositiveTest" finished-at="2024-07-04T18:15:46 MESZ" duration-ms="2966" status="PASS">
          <reporter-output>
          </reporter-output>
        </test-method> <!-- loginPositiveTest -->
        <test-method is-config="true" signature="tearDown(org.testng.ITestResult)[pri:0, instance:com.demoqa.tests.LoginTests@5276e6b0]" started-at="2024-07-04T18:15:46 MESZ" name="tearDown" finished-at="2024-07-04T18:15:47 MESZ" duration-ms="1733" status="PASS">
          <params>
            <param index="0">
              <value>
                <![CDATA[[TestResult name=loginPositiveTest status=SUCCESS method=LoginTests.loginPositiveTest()[pri:0, instance:com.demoqa.tests.LoginTests@5276e6b0] output={null}]]]>
              </value>
            </param>
          </params>
          <reporter-output>
          </reporter-output>
        </test-method> <!-- tearDown -->
      </class> <!-- com.demoqa.tests.LoginTests -->
    </test> <!-- Test2 -->
  </suite> <!-- Test -->
</testng-results>
